<?xml version="1.0" encoding="UTF-8"?>
<testng-results ignored="0" total="2" passed="2" failed="0" skipped="0">
  <reporter-output>
  </reporter-output>
  <suite started-at="2025-04-21T15:24:27 IST" name="Suite" finished-at="2025-04-21T15:24:55 IST" duration-ms="27308">
    <groups>
      <group name="regression">
        <method signature="productcreateTest.createproduct()[pri:0, instance:testcases.productcreateTest@60015ef5]" name="createproduct" class="testcases.productcreateTest"/>
      </group> <!-- regression -->
      <group name="smoke">
        <method signature="campaigncreateTest.campaigncreate()[pri:0, instance:testcases.campaigncreateTest@49e5f737]" name="campaigncreate" class="testcases.campaigncreateTest"/>
      </group> <!-- smoke -->
    </groups>
    <test started-at="2025-04-21T15:24:27 IST" name="Runner2" finished-at="2025-04-21T15:24:55 IST" duration-ms="27308">
      <class name="testcases.productcreateTest">
        <test-method is-config="true" signature="beforeSuite()[pri:0, instance:testcases.productcreateTest@60015ef5]" started-at="2025-04-21T15:24:27 IST" name="beforeSuite" finished-at="2025-04-21T15:24:27 IST" duration-ms="12" status="PASS">
          <reporter-output>
          </reporter-output>
        </test-method> <!-- beforeSuite -->
        <test-method is-config="true" signature="beforeTest()[pri:0, instance:testcases.productcreateTest@60015ef5]" started-at="2025-04-21T15:24:28 IST" name="beforeTest" finished-at="2025-04-21T15:24:28 IST" duration-ms="1" status="PASS">
          <reporter-output>
          </reporter-output>
        </test-method> <!-- beforeTest -->
        <test-method is-config="true" signature="BC()[pri:0, instance:testcases.productcreateTest@60015ef5]" started-at="2025-04-21T15:24:28 IST" name="BC" finished-at="2025-04-21T15:24:29 IST" duration-ms="1474" status="PASS">
          <reporter-output>
          </reporter-output>
        </test-method> <!-- BC -->
        <test-method is-config="true" signature="BM()[pri:0, instance:testcases.productcreateTest@60015ef5]" started-at="2025-04-21T15:24:29 IST" name="BM" finished-at="2025-04-21T15:24:35 IST" duration-ms="6218" status="PASS">
          <reporter-output>
          </reporter-output>
        </test-method> <!-- BM -->
        <test-method signature="createproduct()[pri:0, instance:testcases.productcreateTest@60015ef5]" started-at="2025-04-21T15:24:35 IST" name="createproduct" finished-at="2025-04-21T15:24:51 IST" duration-ms="16029" status="PASS">
          <reporter-output>
          </reporter-output>
        </test-method> <!-- createproduct -->
        <test-method is-config="true" signature="tearDown()[pri:0, instance:testcases.productcreateTest@60015ef5]" started-at="2025-04-21T15:24:51 IST" name="tearDown" finished-at="2025-04-21T15:24:53 IST" duration-ms="2095" status="PASS">
          <reporter-output>
          </reporter-output>
        </test-method> <!-- tearDown -->
        <test-method is-config="true" signature="afterClass()[pri:0, instance:testcases.productcreateTest@60015ef5]" started-at="2025-04-21T15:24:54 IST" name="afterClass" finished-at="2025-04-21T15:24:55 IST" duration-ms="1131" status="PASS">
          <reporter-output>
          </reporter-output>
        </test-method> <!-- afterClass -->
        <test-method is-config="true" signature="afterTest()[pri:0, instance:testcases.productcreateTest@60015ef5]" started-at="2025-04-21T15:24:55 IST" name="afterTest" finished-at="2025-04-21T15:24:55 IST" duration-ms="1" status="PASS">
          <reporter-output>
          </reporter-output>
        </test-method> <!-- afterTest -->
        <test-method is-config="true" signature="afterSuite()[pri:0, instance:testcases.productcreateTest@60015ef5]" started-at="2025-04-21T15:24:55 IST" name="afterSuite" finished-at="2025-04-21T15:24:55 IST" duration-ms="1" status="PASS">
          <reporter-output>
          </reporter-output>
        </test-method> <!-- afterSuite -->
      </class> <!-- testcases.productcreateTest -->
    </test> <!-- Runner2 -->
    <test started-at="2025-04-21T15:24:27 IST" name="Runner1" finished-at="2025-04-21T15:24:54 IST" duration-ms="27165">
      <class name="testcases.campaigncreateTest">
        <test-method is-config="true" signature="beforeTest()[pri:0, instance:testcases.campaigncreateTest@49e5f737]" started-at="2025-04-21T15:24:28 IST" name="beforeTest" finished-at="2025-04-21T15:24:28 IST" duration-ms="0" status="PASS">
          <reporter-output>
          </reporter-output>
        </test-method> <!-- beforeTest -->
        <test-method is-config="true" signature="BC()[pri:0, instance:testcases.campaigncreateTest@49e5f737]" started-at="2025-04-21T15:24:28 IST" name="BC" finished-at="2025-04-21T15:24:29 IST" duration-ms="1474" status="PASS">
          <reporter-output>
          </reporter-output>
        </test-method> <!-- BC -->
        <test-method is-config="true" signature="BM()[pri:0, instance:testcases.campaigncreateTest@49e5f737]" started-at="2025-04-21T15:24:29 IST" name="BM" finished-at="2025-04-21T15:24:35 IST" duration-ms="5812" status="PASS">
          <reporter-output>
          </reporter-output>
        </test-method> <!-- BM -->
        <test-method signature="campaigncreate()[pri:0, instance:testcases.campaigncreateTest@49e5f737]" started-at="2025-04-21T15:24:35 IST" name="campaigncreate" finished-at="2025-04-21T15:24:52 IST" duration-ms="16550" status="PASS">
          <reporter-output>
          </reporter-output>
        </test-method> <!-- campaigncreate -->
        <test-method is-config="true" signature="tearDown()[pri:0, instance:testcases.campaigncreateTest@49e5f737]" started-at="2025-04-21T15:24:52 IST" name="tearDown" finished-at="2025-04-21T15:24:54 IST" duration-ms="2205" status="PASS">
          <reporter-output>
          </reporter-output>
        </test-method> <!-- tearDown -->
        <test-method is-config="true" signature="afterClass()[pri:0, instance:testcases.campaigncreateTest@49e5f737]" started-at="2025-04-21T15:24:54 IST" name="afterClass" finished-at="2025-04-21T15:24:54 IST" duration-ms="781" status="PASS">
          <reporter-output>
          </reporter-output>
        </test-method> <!-- afterClass -->
        <test-method is-config="true" signature="afterTest()[pri:0, instance:testcases.campaigncreateTest@49e5f737]" started-at="2025-04-21T15:24:54 IST" name="afterTest" finished-at="2025-04-21T15:24:54 IST" duration-ms="1" status="PASS">
          <reporter-output>
          </reporter-output>
        </test-method> <!-- afterTest -->
      </class> <!-- testcases.campaigncreateTest -->
    </test> <!-- Runner1 -->
  </suite> <!-- Suite -->
</testng-results>
